+------------------+------------------+----------+-------------------+---------------+-----------------------------------------+
|     LIBRARY      | VULNERABILITY ID | SEVERITY | INSTALLED VERSION | FIXED VERSION |                  TITLE                  |
+------------------+------------------+----------+-------------------+---------------+-----------------------------------------+
| apt              | CVE-2011-3374    | LOW      | 2.6.1             |               | It was found that apt-key in apt,       |
|                  |                  |          |                   |               | all versions, do not correctly...       |
|                  |                  |          |                   |               | -->avd.aquasec.com/nvd/cve-2011-3374    |
+------------------+------------------+----------+-------------------+---------------+-----------------------------------------+
| bsdutils         | CVE-2022-0563    | MEDIUM   | 2.38.1-5          |               | util-linux: partial disclosure          |
|                  |                  |          |                   |               | of arbitrary files in chfn              |
|                  |                  |          |                   |               | and chsh when compiled...               |
|                  |                  |          |                   |               | -->avd.aquasec.com/nvd/cve-2022-0563    |
+------------------+------------------+          +-------------------+---------------+-----------------------------------------+
| coreutils        | CVE-2016-2781    |          | 9.1-1             |               | coreutils: Non-privileged               |
|                  |                  |          |                   |               | session can escape to the               |
|                  |                  |          |                   |               | parent session in chroot                |
|                  |                  |          |                   |               | -->avd.aquasec.com/nvd/cve-2016-2781    |
+                  +------------------+          +                   +---------------+-----------------------------------------+
|                  | CVE-2017-18018   |          |                   |               | coreutils: race condition               |
|                  |                  |          |                   |               | vulnerability in chown and chgrp        |
|                  |                  |          |                   |               | -->avd.aquasec.com/nvd/cve-2017-18018   |
+------------------+------------------+          +-------------------+---------------+-----------------------------------------+
| gcc-12-base      | CVE-2022-27943   |          | 12.2.0-14         |               | binutils: libiberty/rust-demangle.c     |
|                  |                  |          |                   |               | in GNU GCC 11.2 allows stack            |
|                  |                  |          |                   |               | exhaustion in demangle_const            |
|                  |                  |          |                   |               | -->avd.aquasec.com/nvd/cve-2022-27943   |
+------------------+------------------+----------+-------------------+---------------+-----------------------------------------+
| libapt-pkg6.0    | CVE-2011-3374    | LOW      | 2.6.1             |               | It was found that apt-key in apt,       |
|                  |                  |          |                   |               | all versions, do not correctly...       |
|                  |                  |          |                   |               | -->avd.aquasec.com/nvd/cve-2011-3374    |
+------------------+------------------+----------+-------------------+---------------+-----------------------------------------+
| libblkid1        | CVE-2022-0563    | MEDIUM   | 2.38.1-5          |               | util-linux: partial disclosure          |
|                  |                  |          |                   |               | of arbitrary files in chfn              |
|                  |                  |          |                   |               | and chsh when compiled...               |
|                  |                  |          |                   |               | -->avd.aquasec.com/nvd/cve-2022-0563    |
+------------------+------------------+          +-------------------+---------------+-----------------------------------------+
| libc-bin         | CVE-2010-4756    |          | 2.36-9+deb12u3    |               | glibc: glob implementation              |
|                  |                  |          |                   |               | can cause excessive CPU and             |
|                  |                  |          |                   |               | memory consumption due to...            |
|                  |                  |          |                   |               | -->avd.aquasec.com/nvd/cve-2010-4756    |
+                  +------------------+          +                   +---------------+-----------------------------------------+
|                  | CVE-2019-1010024 |          |                   |               | glibc: ASLR bypass using                |
|                  |                  |          |                   |               | cache of thread stack and heap          |
|                  |                  |          |                   |               | -->avd.aquasec.com/nvd/cve-2019-1010024 |
+                  +------------------+          +                   +---------------+-----------------------------------------+
|                  | CVE-2019-1010025 |          |                   |               | glibc: information disclosure of heap   |
|                  |                  |          |                   |               | addresses of pthread_created thread     |
|                  |                  |          |                   |               | -->avd.aquasec.com/nvd/cve-2019-1010025 |
+------------------+------------------+          +                   +---------------+-----------------------------------------+
| libc6            | CVE-2010-4756    |          |                   |               | glibc: glob implementation              |
|                  |                  |          |                   |               | can cause excessive CPU and             |
|                  |                  |          |                   |               | memory consumption due to...            |
|                  |                  |          |                   |               | -->avd.aquasec.com/nvd/cve-2010-4756    |
+                  +------------------+          +                   +---------------+-----------------------------------------+
|                  | CVE-2019-1010024 |          |                   |               | glibc: ASLR bypass using                |
|                  |                  |          |                   |               | cache of thread stack and heap          |
|                  |                  |          |                   |               | -->avd.aquasec.com/nvd/cve-2019-1010024 |
+                  +------------------+          +                   +---------------+-----------------------------------------+
|                  | CVE-2019-1010025 |          |                   |               | glibc: information disclosure of heap   |
|                  |                  |          |                   |               | addresses of pthread_created thread     |
|                  |                  |          |                   |               | -->avd.aquasec.com/nvd/cve-2019-1010025 |
+------------------+------------------+          +-------------------+---------------+-----------------------------------------+
| libgcc-s1        | CVE-2022-27943   |          | 12.2.0-14         |               | binutils: libiberty/rust-demangle.c     |
|                  |                  |          |                   |               | in GNU GCC 11.2 allows stack            |
|                  |                  |          |                   |               | exhaustion in demangle_const            |
|                  |                  |          |                   |               | -->avd.aquasec.com/nvd/cve-2022-27943   |
+------------------+------------------+          +-------------------+---------------+-----------------------------------------+
| libgnutls30      | CVE-2011-3389    |          | 3.7.9-2+deb12u1   |               | HTTPS: block-wise chosen-plaintext      |
|                  |                  |          |                   |               | attack against SSL/TLS (BEAST)          |
|                  |                  |          |                   |               | -->avd.aquasec.com/nvd/cve-2011-3389    |
+------------------+------------------+----------+-------------------+---------------+-----------------------------------------+
| libgssapi-krb5-2 | CVE-2004-0971    | LOW      | 1.20.1-2+deb12u1  |               | security flaw                           |
|                  |                  |          |                   |               | -->avd.aquasec.com/nvd/cve-2004-0971    |
+------------------+------------------+----------+-------------------+---------------+-----------------------------------------+
| libjbig0         | CVE-2017-9937    | MEDIUM   | 2.1-6.1           |               | libtiff: memory malloc failure          |
|                  |                  |          |                   |               | in tif_jbig.c could cause DOS.          |
|                  |                  |          |                   |               | -->avd.aquasec.com/nvd/cve-2017-9937    |
+------------------+------------------+----------+-------------------+---------------+-----------------------------------------+
| libk5crypto3     | CVE-2004-0971    | LOW      | 1.20.1-2+deb12u1  |               | security flaw                           |
|                  |                  |          |                   |               | -->avd.aquasec.com/nvd/cve-2004-0971    |
+------------------+                  +          +                   +---------------+                                         +
| libkrb5-3        |                  |          |                   |               |                                         |
|                  |                  |          |                   |               |                                         |
+------------------+                  +          +                   +---------------+                                         +
| libkrb5support0  |                  |          |                   |               |                                         |
|                  |                  |          |                   |               |                                         |
+------------------+------------------+----------+-------------------+---------------+-----------------------------------------+
| libldap-2.5-0    | CVE-2015-3276    | MEDIUM   | 2.5.13+dfsg-5     |               | openldap: incorrect multi-keyword       |
|                  |                  |          |                   |               | mode cipherstring parsing               |
|                  |                  |          |                   |               | -->avd.aquasec.com/nvd/cve-2015-3276    |
+                  +------------------+          +                   +---------------+-----------------------------------------+
|                  | CVE-2017-14159   |          |                   |               | openldap: Privilege escalation          |
|                  |                  |          |                   |               | via PID file manipulation               |
|                  |                  |          |                   |               | -->avd.aquasec.com/nvd/cve-2017-14159   |
+                  +------------------+          +                   +---------------+-----------------------------------------+
|                  | CVE-2020-15719   |          |                   |               | openldap: Certificate                   |
|                  |                  |          |                   |               | validation incorrectly                  |
|                  |                  |          |                   |               | matches name against CN-ID              |
|                  |                  |          |                   |               | -->avd.aquasec.com/nvd/cve-2020-15719   |
+------------------+------------------+          +-------------------+---------------+-----------------------------------------+
| libmount1        | CVE-2022-0563    |          | 2.38.1-5          |               | util-linux: partial disclosure          |
|                  |                  |          |                   |               | of arbitrary files in chfn              |
|                  |                  |          |                   |               | and chsh when compiled...               |
|                  |                  |          |                   |               | -->avd.aquasec.com/nvd/cve-2022-0563    |
+------------------+------------------+          +-------------------+---------------+-----------------------------------------+
| libpng16-16      | CVE-2021-4214    |          | 1.6.39-2          |               | libpng: hardcoded value                 |
|                  |                  |          |                   |               | leads to heap-overflow                  |
|                  |                  |          |                   |               | -->avd.aquasec.com/nvd/cve-2021-4214    |
+------------------+------------------+          +-------------------+---------------+-----------------------------------------+
| libsmartcols1    | CVE-2022-0563    |          | 2.38.1-5          |               | util-linux: partial disclosure          |
|                  |                  |          |                   |               | of arbitrary files in chfn              |
|                  |                  |          |                   |               | and chsh when compiled...               |
|                  |                  |          |                   |               | -->avd.aquasec.com/nvd/cve-2022-0563    |
+------------------+------------------+          +-------------------+---------------+-----------------------------------------+
| libssl3          | CVE-2007-6755    |          | 3.0.11-1~deb12u2  |               | Dual_EC_DRBG: weak pseudo               |
|                  |                  |          |                   |               | random number generator                 |
|                  |                  |          |                   |               | -->avd.aquasec.com/nvd/cve-2007-6755    |
+                  +------------------+          +                   +---------------+-----------------------------------------+
|                  | CVE-2010-0928    |          |                   |               | openssl: RSA authentication weakness    |
|                  |                  |          |                   |               | -->avd.aquasec.com/nvd/cve-2010-0928    |
+                  +------------------+          +                   +---------------+-----------------------------------------+
|                  | CVE-2022-4304    |          |                   |               | Timing Oracle in RSA Decryption         |
|                  |                  |          |                   |               | -->avd.aquasec.com/nvd/cve-2022-4304    |
+                  +------------------+          +                   +---------------+-----------------------------------------+
|                  | CVE-2022-4450    |          |                   |               | Double free after                       |
|                  |                  |          |                   |               | calling PEM_read_bio_ex                 |
|                  |                  |          |                   |               | -->avd.aquasec.com/nvd/cve-2022-4450    |
+                  +------------------+          +                   +---------------+-----------------------------------------+
|                  | CVE-2023-0215    |          |                   |               | Use-after-free                          |
|                  |                  |          |                   |               | following BIO_new_NDEF                  |
|                  |                  |          |                   |               | -->avd.aquasec.com/nvd/cve-2023-0215    |
+                  +------------------+----------+                   +---------------+-----------------------------------------+
|                  | CVE-2022-4203    | UNKNOWN  |                   |               | -->avd.aquasec.com/nvd/cve-2022-4203    |
+                  +------------------+          +                   +---------------+-----------------------------------------+
|                  | CVE-2023-0216    |          |                   |               | -->avd.aquasec.com/nvd/cve-2023-0216    |
+                  +------------------+          +                   +---------------+-----------------------------------------+
|                  | CVE-2023-0217    |          |                   |               | -->avd.aquasec.com/nvd/cve-2023-0217    |
+                  +------------------+          +                   +---------------+-----------------------------------------+
|                  | CVE-2023-0401    |          |                   |               | -->avd.aquasec.com/nvd/cve-2023-0401    |
+------------------+------------------+----------+-------------------+---------------+-----------------------------------------+
| libstdc++6       | CVE-2022-27943   | MEDIUM   | 12.2.0-14         |               | binutils: libiberty/rust-demangle.c     |
|                  |                  |          |                   |               | in GNU GCC 11.2 allows stack            |
|                  |                  |          |                   |               | exhaustion in demangle_const            |
|                  |                  |          |                   |               | -->avd.aquasec.com/nvd/cve-2022-27943   |
+------------------+------------------+----------+-------------------+---------------+-----------------------------------------+
| libsystemd0      | CVE-2013-4392    | LOW      | 252.19-1~deb12u1  |               | systemd: TOCTOU race condition          |
|                  |                  |          |                   |               | when updating file permissions          |
|                  |                  |          |                   |               | and SELinux security contexts...        |
|                  |                  |          |                   |               | -->avd.aquasec.com/nvd/cve-2013-4392    |
+------------------+------------------+----------+-------------------+---------------+-----------------------------------------+
| libtiff6         | CVE-2014-8130    | MEDIUM   | 4.5.0-6+deb12u1   |               | libtiff: divide by zero                 |
|                  |                  |          |                   |               | in the tiffdither tool                  |
|                  |                  |          |                   |               | -->avd.aquasec.com/nvd/cve-2014-8130    |
+                  +------------------+          +                   +---------------+-----------------------------------------+
|                  | CVE-2018-10126   |          |                   |               | libtiff: NULL pointer dereference       |
|                  |                  |          |                   |               | in the jpeg_fdct_16x16                  |
|                  |                  |          |                   |               | function in jfdctint.c                  |
|                  |                  |          |                   |               | -->avd.aquasec.com/nvd/cve-2018-10126   |
+                  +------------------+          +                   +---------------+-----------------------------------------+
|                  | CVE-2022-1056    |          |                   |               | Out-of-bounds Read error in             |
|                  |                  |          |                   |               | tiffcrop in libtiff 4.3.0               |
|                  |                  |          |                   |               | allows attackers to cause...            |
|                  |                  |          |                   |               | -->avd.aquasec.com/nvd/cve-2022-1056    |
+                  +------------------+          +                   +---------------+-----------------------------------------+
|                  | CVE-2022-1210    |          |                   |               | tiff: Malicious file leads to a         |
|                  |                  |          |                   |               | denial of service in TIFF File...       |
|                  |                  |          |                   |               | -->avd.aquasec.com/nvd/cve-2022-1210    |
+------------------+------------------+----------+-------------------+---------------+-----------------------------------------+
| libudev1         | CVE-2013-4392    | LOW      | 252.19-1~deb12u1  |               | systemd: TOCTOU race condition          |
|                  |                  |          |                   |               | when updating file permissions          |
|                  |                  |          |                   |               | and SELinux security contexts...        |
|                  |                  |          |                   |               | -->avd.aquasec.com/nvd/cve-2013-4392    |
+------------------+------------------+----------+-------------------+---------------+-----------------------------------------+
| libuuid1         | CVE-2022-0563    | MEDIUM   | 2.38.1-5          |               | util-linux: partial disclosure          |
|                  |                  |          |                   |               | of arbitrary files in chfn              |
|                  |                  |          |                   |               | and chsh when compiled...               |
|                  |                  |          |                   |               | -->avd.aquasec.com/nvd/cve-2022-0563    |
+------------------+------------------+----------+-------------------+---------------+-----------------------------------------+
| libwebp7         | CVE-2016-9085    | LOW      | 1.2.4-0.2+deb12u1 |               | libwebp: Several integer overflows      |
|                  |                  |          |                   |               | -->avd.aquasec.com/nvd/cve-2016-9085    |
+------------------+------------------+----------+-------------------+---------------+-----------------------------------------+
| libxslt1.1       | CVE-2015-9019    | MEDIUM   | 1.1.35-1          |               | libxslt: math.random() in               |
|                  |                  |          |                   |               | xslt uses unseeded randomness           |
|                  |                  |          |                   |               | -->avd.aquasec.com/nvd/cve-2015-9019    |
+------------------+------------------+          +-------------------+---------------+-----------------------------------------+
| login            | CVE-2007-5686    |          | 1:4.13+dfsg1-1    |               | initscripts in rPath Linux 1            |
|                  |                  |          |                   |               | sets insecure permissions for           |
|                  |                  |          |                   |               | the /var/log/btmp file,...              |
|                  |                  |          |                   |               | -->avd.aquasec.com/nvd/cve-2007-5686    |
+                  +------------------+----------+                   +---------------+-----------------------------------------+
|                  | CVE-2023-0634    | UNKNOWN  |                   |               | An uncontrolled process                 |
|                  |                  |          |                   |               | operation was found in the              |
|                  |                  |          |                   |               | newgrp command provided by...           |
|                  |                  |          |                   |               | -->avd.aquasec.com/nvd/cve-2023-0634    |
+------------------+------------------+----------+-------------------+---------------+-----------------------------------------+
| mount            | CVE-2022-0563    | MEDIUM   | 2.38.1-5          |               | util-linux: partial disclosure          |
|                  |                  |          |                   |               | of arbitrary files in chfn              |
|                  |                  |          |                   |               | and chsh when compiled...               |
|                  |                  |          |                   |               | -->avd.aquasec.com/nvd/cve-2022-0563    |
+------------------+------------------+          +-------------------+---------------+-----------------------------------------+
| nginx            | CVE-2009-4487    |          | 1.25.3-1~bookworm |               | nginx: Absent sanitation of             |
|                  |                  |          |                   |               | escape sequences in web server log      |
|                  |                  |          |                   |               | -->avd.aquasec.com/nvd/cve-2009-4487    |
+------------------+------------------+          +-------------------+---------------+-----------------------------------------+
| openssl          | CVE-2007-6755    |          | 3.0.11-1~deb12u2  |               | Dual_EC_DRBG: weak pseudo               |
|                  |                  |          |                   |               | random number generator                 |
|                  |                  |          |                   |               | -->avd.aquasec.com/nvd/cve-2007-6755    |
+                  +------------------+          +                   +---------------+-----------------------------------------+
|                  | CVE-2010-0928    |          |                   |               | openssl: RSA authentication weakness    |
|                  |                  |          |                   |               | -->avd.aquasec.com/nvd/cve-2010-0928    |
+                  +------------------+          +                   +---------------+-----------------------------------------+
|                  | CVE-2022-4304    |          |                   |               | Timing Oracle in RSA Decryption         |
|                  |                  |          |                   |               | -->avd.aquasec.com/nvd/cve-2022-4304    |
+                  +------------------+          +                   +---------------+-----------------------------------------+
|                  | CVE-2022-4450    |          |                   |               | Double free after                       |
|                  |                  |          |                   |               | calling PEM_read_bio_ex                 |
|                  |                  |          |                   |               | -->avd.aquasec.com/nvd/cve-2022-4450    |
+                  +------------------+          +                   +---------------+-----------------------------------------+
|                  | CVE-2023-0215    |          |                   |               | Use-after-free                          |
|                  |                  |          |                   |               | following BIO_new_NDEF                  |
|                  |                  |          |                   |               | -->avd.aquasec.com/nvd/cve-2023-0215    |
+                  +------------------+----------+                   +---------------+-----------------------------------------+
|                  | CVE-2022-4203    | UNKNOWN  |                   |               | -->avd.aquasec.com/nvd/cve-2022-4203    |
+                  +------------------+          +                   +---------------+-----------------------------------------+
|                  | CVE-2023-0216    |          |                   |               | -->avd.aquasec.com/nvd/cve-2023-0216    |
+                  +------------------+          +                   +---------------+-----------------------------------------+
|                  | CVE-2023-0217    |          |                   |               | -->avd.aquasec.com/nvd/cve-2023-0217    |
+                  +------------------+          +                   +---------------+-----------------------------------------+
|                  | CVE-2023-0401    |          |                   |               | -->avd.aquasec.com/nvd/cve-2023-0401    |
+------------------+------------------+----------+-------------------+---------------+-----------------------------------------+
| passwd           | CVE-2007-5686    | MEDIUM   | 1:4.13+dfsg1-1    |               | initscripts in rPath Linux 1            |
|                  |                  |          |                   |               | sets insecure permissions for           |
|                  |                  |          |                   |               | the /var/log/btmp file,...              |
|                  |                  |          |                   |               | -->avd.aquasec.com/nvd/cve-2007-5686    |
+                  +------------------+----------+                   +---------------+-----------------------------------------+
|                  | CVE-2023-0634    | UNKNOWN  |                   |               | An uncontrolled process                 |
|                  |                  |          |                   |               | operation was found in the              |
|                  |                  |          |                   |               | newgrp command provided by...           |
|                  |                  |          |                   |               | -->avd.aquasec.com/nvd/cve-2023-0634    |
+------------------+------------------+----------+-------------------+---------------+-----------------------------------------+
| util-linux       | CVE-2022-0563    | MEDIUM   | 2.38.1-5          |               | util-linux: partial disclosure          |
|                  |                  |          |                   |               | of arbitrary files in chfn              |
|                  |                  |          |                   |               | and chsh when compiled...               |
|                  |                  |          |                   |               | -->avd.aquasec.com/nvd/cve-2022-0563    |
+------------------+                  +          +                   +---------------+                                         +
| util-linux-extra |                  |          |                   |               |                                         |
|                  |                  |          |                   |               |                                         |
|                  |                  |          |                   |               |                                         |
|                  |                  |          |                   |               |                                         |
+------------------+------------------+----------+-------------------+---------------+-----------------------------------------+
